<?xml version="1.0" encoding="UTF-8"?>
<testsuite name="johan.PaymentsServiceTest" tests="3" skipped="0" failures="0" errors="0" timestamp="2018-02-13T04:28:39" hostname="Sparkcentrals-MacBook-Pro.local" time="0.013">
  <properties/>
  <testcase name="getBalanceOwed" classname="johan.PaymentsServiceTest" time="0.012"/>
  <testcase name="payRequest" classname="johan.PaymentsServiceTest" time="0.001"/>
  <testcase name="createUser" classname="johan.PaymentsServiceTest" time="0.0"/>
  <system-out><![CDATA[]]></system-out>
  <system-err><![CDATA[]]></system-err>
</testsuite>
